<?xml version="1.0" encoding="UTF-8"?>
<testng-results ignored="0" total="3" passed="3" failed="0" skipped="0">
  <reporter-output>
  </reporter-output>
  <suite started-at="2026-04-18T14:07:44 IST" name="Default suite" finished-at="2026-04-18T14:07:49 IST" duration-ms="5804">
    <groups>
      <group name="cucumber">
        <method signature="AbstractTestNGCucumberTests.runScenario(io.cucumber.testng.PickleWrapper,io.cucumber.testng.FeatureWrapper)[pri:0, instance:Runners.ProductRunner@5fe94a96]" name="runScenario" class="io.cucumber.testng.AbstractTestNGCucumberTests"/>
      </group> <!-- cucumber -->
    </groups>
    <test started-at="2026-04-18T14:07:44 IST" name="Default test" finished-at="2026-04-18T14:07:49 IST" duration-ms="5804">
      <class name="Runners.ProductRunner">
        <test-method is-config="true" signature="setUpClass(org.testng.ITestContext)[pri:0, instance:Runners.ProductRunner@5fe94a96]" started-at="2026-04-18T14:07:44 IST" name="setUpClass" finished-at="2026-04-18T14:07:44 IST" duration-ms="741" status="PASS">
          <params>
            <param index="0">
              <value>
                <![CDATA[org.testng.TestRunner@74707df8]]>
              </value>
            </param>
          </params>
          <reporter-output>
          </reporter-output>
        </test-method> <!-- setUpClass -->
        <test-method signature="runScenario(io.cucumber.testng.PickleWrapper,io.cucumber.testng.FeatureWrapper)[pri:0, instance:Runners.ProductRunner@5fe94a96]" started-at="2026-04-18T14:07:44 IST" name="runScenario" description="Runs Cucumber Scenarios" data-provider="scenarios" finished-at="2026-04-18T14:07:48 IST" duration-ms="3993" status="PASS">
          <params>
            <param index="0">
              <value>
                <![CDATA["Create product with valid details"]]>
              </value>
            </param>
            <param index="1">
              <value>
                <![CDATA["Product API"]]>
              </value>
            </param>
          </params>
          <reporter-output>
          </reporter-output>
        </test-method> <!-- runScenario -->
        <test-method signature="runScenario(io.cucumber.testng.PickleWrapper,io.cucumber.testng.FeatureWrapper)[pri:0, instance:Runners.ProductRunner@5fe94a96]" started-at="2026-04-18T14:07:48 IST" name="runScenario" description="Runs Cucumber Scenarios" data-provider="scenarios" finished-at="2026-04-18T14:07:49 IST" duration-ms="551" status="PASS">
          <params>
            <param index="0">
              <value>
                <![CDATA["Retrieve all products with valid request"]]>
              </value>
            </param>
            <param index="1">
              <value>
                <![CDATA["Product API"]]>
              </value>
            </param>
          </params>
          <reporter-output>
          </reporter-output>
        </test-method> <!-- runScenario -->
        <test-method signature="runScenario(io.cucumber.testng.PickleWrapper,io.cucumber.testng.FeatureWrapper)[pri:0, instance:Runners.ProductRunner@5fe94a96]" started-at="2026-04-18T14:07:49 IST" name="runScenario" description="Runs Cucumber Scenarios" data-provider="scenarios" finished-at="2026-04-18T14:07:49 IST" duration-ms="418" status="PASS">
          <params>
            <param index="0">
              <value>
                <![CDATA["Retrieve single product using valid product id"]]>
              </value>
            </param>
            <param index="1">
              <value>
                <![CDATA["Product API"]]>
              </value>
            </param>
          </params>
          <reporter-output>
          </reporter-output>
        </test-method> <!-- runScenario -->
        <test-method is-config="true" signature="tearDownClass()[pri:0, instance:Runners.ProductRunner@5fe94a96]" started-at="2026-04-18T14:07:49 IST" name="tearDownClass" finished-at="2026-04-18T14:07:49 IST" duration-ms="42" status="PASS">
          <reporter-output>
          </reporter-output>
        </test-method> <!-- tearDownClass -->
      </class> <!-- Runners.ProductRunner -->
    </test> <!-- Default test -->
  </suite> <!-- Default suite -->
</testng-results>
