<?xml version="1.0" encoding="UTF-8"?>
<!-- Generated by org.testng.reporters.JUnitReportReporter -->
<testsuite hostname="Nandakumar" failures="1" tests="4" name="Runners.ProductRunner" time="5.228" errors="0" timestamp="2026-04-18T14:20:40 IST" skipped="0">
  <testcase classname="Runners.ProductRunner" name="runScenario" time="0.587"/>
  <system-out/>
  <testcase classname="Runners.ProductRunner" name="runScenario" time="0.438"/>
  <system-out/>
  <testcase classname="Runners.ProductRunner" name="runScenario" time="3.858"/>
  <system-out/>
  <testcase classname="Runners.ProductRunner" name="runScenario" time="0.345">
    <failure message="expected [200] but found [404]" type="java.lang.AssertionError">
      <![CDATA[java.lang.AssertionError: expected [200] but found [404]
at org.testng.Assert.fail(Assert.java:110)
at org.testng.Assert.failNotEquals(Assert.java:1577)
at org.testng.Assert.assertEqualsImpl(Assert.java:149)
at org.testng.Assert.assertEquals(Assert.java:131)
at org.testng.Assert.assertEquals(Assert.java:1418)
at org.testng.Assert.assertEquals(Assert.java:1382)
at org.testng.Assert.assertEquals(Assert.java:1428)
at StepDefinitions.Products.StepDefinitionProducts.validateStatusCode(StepDefinitionProducts.java:64)
at ✽.the response status code should be 404 for product(file:///C:/Users/aarth/git/Fake-Store-API/src/test/resources/Features/ProductFeature.feature:34)
]]>
    </failure>
  </testcase> <!-- runScenario -->
  <system-out/>
</testsuite> <!-- Runners.ProductRunner -->
