<?xml version="1.0" encoding="UTF-8"?>
<!-- Generated by org.testng.reporters.JUnitReportReporter -->
<testsuite hostname="LAPTOP-6QED4GR0" failures="0" tests="3" name="Runners.AuthRunner" time="3.611" errors="0" timestamp="2026-04-18T21:38:55 IST" skipped="0">
  <testcase classname="Runners.AuthRunner" name="runScenario" time="0.583"/>
  <system-out/>
  <testcase classname="Runners.AuthRunner" name="runScenario" time="0.506"/>
  <system-out/>
  <testcase classname="Runners.AuthRunner" name="runScenario" time="2.522"/>
  <system-out/>
</testsuite> <!-- Runners.AuthRunner -->
