<?xml version="1.0" encoding="UTF-8"?>
<!-- Generated by org.testng.reporters.JUnitReportReporter -->
<testsuite hostname="Hemarajs-MacBook-Air.local" failures="4" tests="9" name="Runners.UserRunner" time="5.676" errors="0" timestamp="2026-04-20T11:00:35 IST" skipped="0">
  <testcase classname="Runners.UserRunner" name="runScenario" time="1.727"/>
  <system-out/>
  <testcase classname="Runners.UserRunner" name="runScenario" time="0.545"/>
  <system-out/>
  <testcase classname="Runners.UserRunner" name="runScenario" time="0.438">
    <failure message="Expected: 404 but got: 200 expected [404] but found [200]" type="java.lang.AssertionError">
      <![CDATA[java.lang.AssertionError: Expected: 404 but got: 200 expected [404] but found [200]
at org.testng.Assert.fail(Assert.java:110)
at org.testng.Assert.failNotEquals(Assert.java:1577)
at org.testng.Assert.assertEqualsImpl(Assert.java:149)
at org.testng.Assert.assertEquals(Assert.java:131)
at org.testng.Assert.assertEquals(Assert.java:1418)
at org.testng.Assert.assertEquals(Assert.java:1382)
at StepDefinitions.User.StepDefinitionUser.verifyStatusCode(StepDefinitionUser.java:44)
at ✽.verify status code is 404(file:///Users/hemarajr/git/Fake-Store-API/src/test/resources/Features/UserFeature.feature:29)
]]>
    </failure>
  </testcase> <!-- runScenario -->
  <system-out/>
  <testcase classname="Runners.UserRunner" name="runScenario" time="0.373"/>
  <system-out/>
  <testcase classname="Runners.UserRunner" name="runScenario" time="0.527">
    <failure message="Expected: 400 but got: 200 expected [400] but found [200]" type="java.lang.AssertionError">
      <![CDATA[java.lang.AssertionError: Expected: 400 but got: 200 expected [400] but found [200]
at org.testng.Assert.fail(Assert.java:110)
at org.testng.Assert.failNotEquals(Assert.java:1577)
at org.testng.Assert.assertEqualsImpl(Assert.java:149)
at org.testng.Assert.assertEquals(Assert.java:131)
at org.testng.Assert.assertEquals(Assert.java:1418)
at org.testng.Assert.assertEquals(Assert.java:1382)
at StepDefinitions.User.StepDefinitionUser.verifyStatusCode(StepDefinitionUser.java:44)
at ✽.verify status code is 400(file:///Users/hemarajr/git/Fake-Store-API/src/test/resources/Features/UserFeature.feature:29)
]]>
    </failure>
  </testcase> <!-- runScenario -->
  <system-out/>
  <testcase classname="Runners.UserRunner" name="runScenario" time="0.528"/>
  <system-out/>
  <testcase classname="Runners.UserRunner" name="runScenario" time="0.510">
    <failure message="Expected: 404 but got: 200 expected [404] but found [200]" type="java.lang.AssertionError">
      <![CDATA[java.lang.AssertionError: Expected: 404 but got: 200 expected [404] but found [200]
at org.testng.Assert.fail(Assert.java:110)
at org.testng.Assert.failNotEquals(Assert.java:1577)
at org.testng.Assert.assertEqualsImpl(Assert.java:149)
at org.testng.Assert.assertEquals(Assert.java:131)
at org.testng.Assert.assertEquals(Assert.java:1418)
at org.testng.Assert.assertEquals(Assert.java:1382)
at StepDefinitions.User.StepDefinitionUser.verifyStatusCode(StepDefinitionUser.java:44)
at ✽.verify status code is 404(file:///Users/hemarajr/git/Fake-Store-API/src/test/resources/Features/UserFeature.feature:57)
]]>
    </failure>
  </testcase> <!-- runScenario -->
  <system-out/>
  <testcase classname="Runners.UserRunner" name="runScenario" time="0.514"/>
  <system-out/>
  <testcase classname="Runners.UserRunner" name="runScenario" time="0.514">
    <failure message="Expected: 400 but got: 200 expected [400] but found [200]" type="java.lang.AssertionError">
      <![CDATA[java.lang.AssertionError: Expected: 400 but got: 200 expected [400] but found [200]
at org.testng.Assert.fail(Assert.java:110)
at org.testng.Assert.failNotEquals(Assert.java:1577)
at org.testng.Assert.assertEqualsImpl(Assert.java:149)
at org.testng.Assert.assertEquals(Assert.java:131)
at org.testng.Assert.assertEquals(Assert.java:1418)
at org.testng.Assert.assertEquals(Assert.java:1382)
at StepDefinitions.User.StepDefinitionUser.verifyStatusCode(StepDefinitionUser.java:44)
at ✽.verify status code is 400(file:///Users/hemarajr/git/Fake-Store-API/src/test/resources/Features/UserFeature.feature:57)
]]>
    </failure>
  </testcase> <!-- runScenario -->
  <system-out/>
</testsuite> <!-- Runners.UserRunner -->
