<?xml version="1.0" encoding="UTF-8"?>
<!-- Generated by org.testng.reporters.JUnitReportReporter -->
<testsuite hostname="LAPTOP-6QED4GR0" failures="0" tests="4" name="Runners.AuthRunner" time="4.382" errors="0" timestamp="2026-04-20T08:13:52 IST" skipped="0">
  <testcase classname="Runners.AuthRunner" name="runScenario" time="0.932"/>
  <system-out/>
  <testcase classname="Runners.AuthRunner" name="runScenario" time="0.354"/>
  <system-out/>
  <testcase classname="Runners.AuthRunner" name="runScenario" time="2.749"/>
  <system-out/>
  <testcase classname="Runners.AuthRunner" name="runScenario" time="0.347"/>
  <system-out/>
</testsuite> <!-- Runners.AuthRunner -->
