<?xml version="1.0" encoding="UTF-8"?>
<!-- Generated by org.testng.reporters.JUnitReportReporter -->
<testsuite hostname="Nandakumar" failures="0" tests="3" name="Runners.ProductRunner" time="4.962" errors="0" timestamp="2026-04-18T14:07:50 IST" skipped="0">
  <testcase classname="Runners.ProductRunner" name="runScenario" time="3.993"/>
  <system-out/>
  <testcase classname="Runners.ProductRunner" name="runScenario" time="0.418"/>
  <system-out/>
  <testcase classname="Runners.ProductRunner" name="runScenario" time="0.551"/>
  <system-out/>
</testsuite> <!-- Runners.ProductRunner -->
